<?xml version="1.0" encoding="UTF-8"?>
<!-- Generated by org.testng.reporters.JUnitReportReporter -->
<testsuite hostname="LAPTOP-QPODBKV1" failures="0" tests="1" name="com.example.MiniTest" time="5.062" errors="0" timestamp="2025-05-16T10:22:31 IST" skipped="0">
  <testcase classname="com.example.MiniTest" name="simpleTest" time="5.062"/>
</testsuite> <!-- com.example.MiniTest -->
