<?xml version="1.0" encoding="UTF-8"?>
<!-- Generated by org.testng.reporters.JUnitReportReporter -->
<testsuite hostname="LAPTOP-QPODBKV1" failures="0" tests="1" name="com.example.AppTest" time="0.007" errors="0" timestamp="2025-05-16T10:22:32 IST" skipped="0">
  <testcase classname="com.example.AppTest" name="shouldAnswerWithTrue" time="0.007"/>
</testsuite> <!-- com.example.AppTest -->
